0 info it worked if it ends with ok
1 verbose cli [ 'C:\\Program Files\\nodejs\\node.exe',
1 verbose cli   'C:\\Program Files\\nodejs\\node_modules\\npm\\bin\\npm-cli.js',
1 verbose cli   'publish' ]
2 info using npm@2.15.9
3 info using node@v4.6.0
4 verbose publish [ '.' ]
5 silly cache add args [ '.', null ]
6 verbose cache add spec .
7 silly cache add parsed spec Result {
7 silly cache add   raw: '.',
7 silly cache add   scope: null,
7 silly cache add   name: null,
7 silly cache add   rawSpec: '.',
7 silly cache add   spec: 'C:\\Users\\Jose Caiza\\Documents\\GitHub\\TecnologiasWeb2016B\\NodeJS',
7 silly cache add   type: 'directory' }
8 verbose addLocalDirectory C:\Users\Jose Caiza\AppData\Roaming\npm-cache\tecnologiaswebrfabrizio\1.0.1\package.tgz not in flight; packing
9 verbose correctMkdir C:\Users\Jose Caiza\AppData\Roaming\npm-cache correctMkdir not in flight; initializing
10 verbose tar pack [ 'C:\\Users\\Jose Caiza\\AppData\\Roaming\\npm-cache\\tecnologiaswebrfabrizio\\1.0.1\\package.tgz',
10 verbose tar pack   'C:\\Users\\Jose Caiza\\Documents\\GitHub\\TecnologiasWeb2016B\\NodeJS' ]
11 verbose tarball C:\Users\Jose Caiza\AppData\Roaming\npm-cache\tecnologiaswebrfabrizio\1.0.1\package.tgz
12 verbose folder C:\Users\Jose Caiza\Documents\GitHub\TecnologiasWeb2016B\NodeJS
13 info prepublish tecnologiaswebrfabrizio@1.0.1
14 verbose addLocalTarball adding from inside cache C:\Users\Jose Caiza\AppData\Roaming\npm-cache\tecnologiaswebrfabrizio\1.0.1\package.tgz
15 verbose correctMkdir C:\Users\Jose Caiza\AppData\Roaming\npm-cache correctMkdir not in flight; initializing
16 silly cache afterAdd tecnologiaswebrfabrizio@1.0.1
17 verbose afterAdd C:\Users\Jose Caiza\AppData\Roaming\npm-cache\tecnologiaswebrfabrizio\1.0.1\package\package.json not in flight; writing
18 verbose correctMkdir C:\Users\Jose Caiza\AppData\Roaming\npm-cache correctMkdir not in flight; initializing
19 verbose afterAdd C:\Users\Jose Caiza\AppData\Roaming\npm-cache\tecnologiaswebrfabrizio\1.0.1\package\package.json written
20 silly publish { name: 'tecnologiaswebrfabrizio',
20 silly publish   version: '1.0.1',
20 silly publish   description: 'Ejemplo para usar el npm',
20 silly publish   main: 'app.js',
20 silly publish   scripts: { test: 'echo "Error: no test specified" && exit 1' },
20 silly publish   repository: { type: 'git', url: 'fabriram20' },
20 silly publish   keywords: [ 'calculadora' ],
20 silly publish   author: { name: 'Fabrizio Ramirez' },
20 silly publish   license: 'ISC',
20 silly publish   readme: 'ERROR: No README data found!',
20 silly publish   _id: 'tecnologiaswebrfabrizio@1.0.1',
20 silly publish   _shasum: '671e46cf23f33de624ac192fff67cb5e5b1651b7',
20 silly publish   _from: '.' }
21 verbose getPublishConfig undefined
22 silly mapToRegistry name tecnologiaswebrfabrizio
23 silly mapToRegistry using default registry
24 silly mapToRegistry registry https://registry.npmjs.org/
25 silly mapToRegistry data Result {
25 silly mapToRegistry   raw: 'tecnologiaswebrfabrizio',
25 silly mapToRegistry   scope: null,
25 silly mapToRegistry   name: 'tecnologiaswebrfabrizio',
25 silly mapToRegistry   rawSpec: '',
25 silly mapToRegistry   spec: 'latest',
25 silly mapToRegistry   type: 'tag' }
26 silly mapToRegistry uri https://registry.npmjs.org/tecnologiaswebrfabrizio
27 verbose publish registryBase https://registry.npmjs.org/
28 silly publish uploading C:\Users\Jose Caiza\AppData\Roaming\npm-cache\tecnologiaswebrfabrizio\1.0.1\package.tgz
29 verbose request uri https://registry.npmjs.org/tecnologiaswebrfabrizio
30 verbose request sending authorization for write operation
31 info attempt registry request try #1 at 19:28:27
32 verbose request using bearer token for auth
33 verbose request id 6d440a0f71e1731c
34 http request PUT https://registry.npmjs.org/tecnologiaswebrfabrizio
35 http 403 https://registry.npmjs.org/tecnologiaswebrfabrizio
36 verbose headers { 'content-type': 'application/json',
36 verbose headers   'cache-control': 'max-age=300',
36 verbose headers   'content-length': '117',
36 verbose headers   'accept-ranges': 'bytes',
36 verbose headers   date: 'Wed, 14 Dec 2016 00:28:28 GMT',
36 verbose headers   via: '1.1 varnish',
36 verbose headers   connection: 'keep-alive',
36 verbose headers   'x-served-by': 'cache-atl6251-ATL',
36 verbose headers   'x-cache': 'MISS',
36 verbose headers   'x-cache-hits': '0',
36 verbose headers   'x-timer': 'S1481675308.232045,VS0,VE416',
36 verbose headers   vary: 'Accept-Encoding' }
37 verbose request invalidating C:\Users\Jose Caiza\AppData\Roaming\npm-cache\registry.npmjs.org\tecnologiaswebrfabrizio on PUT
38 error publish Failed PUT 403
39 verbose stack Error: you do not have permission to publish "tecnologiaswebrfabrizio". Are you logged in as the correct user? : tecnologiaswebrfabrizio
39 verbose stack     at makeError (C:\Program Files\nodejs\node_modules\npm\node_modules\npm-registry-client\lib\request.js:264:12)
39 verbose stack     at CachingRegistryClient.<anonymous> (C:\Program Files\nodejs\node_modules\npm\node_modules\npm-registry-client\lib\request.js:252:14)
39 verbose stack     at Request._callback (C:\Program Files\nodejs\node_modules\npm\node_modules\npm-registry-client\lib\request.js:172:14)
39 verbose stack     at Request.self.callback (C:\Program Files\nodejs\node_modules\npm\node_modules\request\request.js:200:22)
39 verbose stack     at emitTwo (events.js:87:13)
39 verbose stack     at Request.emit (events.js:172:7)
39 verbose stack     at Request.<anonymous> (C:\Program Files\nodejs\node_modules\npm\node_modules\request\request.js:1067:10)
39 verbose stack     at emitOne (events.js:82:20)
39 verbose stack     at Request.emit (events.js:169:7)
39 verbose stack     at IncomingMessage.<anonymous> (C:\Program Files\nodejs\node_modules\npm\node_modules\request\request.js:988:12)
40 verbose statusCode 403
41 verbose pkgid tecnologiaswebrfabrizio
42 verbose cwd C:\Users\Jose Caiza\Documents\GitHub\TecnologiasWeb2016B\NodeJS
43 error Windows_NT 6.3.9600
44 error argv "C:\\Program Files\\nodejs\\node.exe" "C:\\Program Files\\nodejs\\node_modules\\npm\\bin\\npm-cli.js" "publish"
45 error node v4.6.0
46 error npm  v2.15.9
47 error code E403
48 error you do not have permission to publish "tecnologiaswebrfabrizio". Are you logged in as the correct user? : tecnologiaswebrfabrizio
49 error If you need help, you may report this error at:
49 error     <https://github.com/npm/npm/issues>
50 verbose exit [ 1, true ]
